Using pre-set license
Built from '2020.3/staging' branch; Version is '2020.3.9f1 (108be757e447) revision 1084391'; Using compiler version '192528614'; Build Type 'Release'
OS: 'Windows 10 Home; OS build 19043.1165; Version 2009; 64bit' Language: 'en' Physical Memory: 16329 MB
BatchMode: 1, IsHumanControllingUs: 0, StartBugReporterOnCrash: 0, Is64bit: 1, IsPro: 0

 COMMAND LINE ARGUMENTS:
A:\UNITY_EDITORS\2020.3.9f1\Editor\Unity.exe
-adb2
-batchMode
-noUpm
-name
AssetImportWorker0
-projectPath
C:/NEW_UNITY_PROJECTS_2021/VR/SolVR_XR
-logFile
Logs/AssetImportWorker0.log
-srvPort
49891
Successfully changed project path to: C:/NEW_UNITY_PROJECTS_2021/VR/SolVR_XR
C:/NEW_UNITY_PROJECTS_2021/VR/SolVR_XR
Using Asset Import Pipeline V2.
Refreshing native plugins compatible for Editor in 69.22 ms, found 14 plugins.
Preloading 2 native plugins for Editor in 1.50 ms.
Initialize engine version: 2020.3.9f1 (108be757e447)
[Subsystems] Discovering subsystems at path A:/UNITY_EDITORS/2020.3.9f1/Editor/Data/Resources/UnitySubsystems
[Subsystems] Discovering subsystems at path C:/NEW_UNITY_PROJECTS_2021/VR/SolVR_XR/Assets
GfxDevice: creating device client; threaded=0
Direct3D:
    Version:  Direct3D 11.0 [level 11.1]
    Renderer: NVIDIA GeForce GTX 1060 6GB (ID=0x1c03)
    Vendor:   
    VRAM:     6052 MB
    Driver:   30.0.14.7168
Initialize mono
Mono path[0] = 'A:/UNITY_EDITORS/2020.3.9f1/Editor/Data/Managed'
Mono path[1] = 'A:/UNITY_EDITORS/2020.3.9f1/Editor/Data/MonoBleedingEdge/lib/mono/unityjit'
Mono config path = 'A:/UNITY_EDITORS/2020.3.9f1/Editor/Data/MonoBleedingEdge/etc'
Using monoOptions --debugger-agent=transport=dt_socket,embedding=1,server=y,suspend=n,address=127.0.0.1:56060
Begin MonoManager ReloadAssembly
Registering precompiled unity dll's ...
Register platform support module: A:/UNITY_EDITORS/2020.3.9f1/Editor/Data/PlaybackEngines/WebGLSupport/UnityEditor.WebGL.Extensions.dll
Register platform support module: A:/UNITY_EDITORS/2020.3.9f1/Editor/Data/PlaybackEngines/WindowsStandaloneSupport/UnityEditor.WindowsStandalone.Extensions.dll
Registered in 0.001230 seconds.
Native extension for WindowsStandalone target not found
Native extension for WebGL target not found
Refreshing native plugins compatible for Editor in 50.06 ms, found 14 plugins.
Preloading 2 native plugins for Editor in 0.15 ms.
Mono: successfully reloaded assembly
- Completed reload, in  1.456 seconds
Platform modules already initialized, skipping
Registering precompiled user dll's ...
Registered in 0.007932 seconds.
Begin MonoManager ReloadAssembly
Native extension for WindowsStandalone target not found
Native extension for WebGL target not found
Refreshing native plugins compatible for Editor in 50.26 ms, found 14 plugins.
Preloading 2 native plugins for Editor in 0.16 ms.
[XR] OculusXRPlugin: registering subsystems
[XR] Unable to register display lifecyle provider: [1]
[XR] Oculus Input lifecycle provider registered.
[XR] Unable to register input lifecyle provider: [1]
NullReferenceException: Object reference not set to an instance of an object
  at Unity.XR.Oculus.OculusLoader.AssetPathToAbsolutePath (System.String assetPath) [0x00048] in C:\NEW_UNITY_PROJECTS_2021\VR\SolVR_XR_URP\Library\PackageCache\com.unity.xr.oculus@1.9.1\Runtime\OculusLoader.cs:249 
  at Unity.XR.Oculus.OculusLoader.EditorLoadOVRPlugin () [0x0007b] in C:\NEW_UNITY_PROJECTS_2021\VR\SolVR_XR_URP\Library\PackageCache\com.unity.xr.oculus@1.9.1\Runtime\OculusLoader.cs:234 

(Filename: C:/NEW_UNITY_PROJECTS_2021/VR/SolVR_XR_URP/Library/PackageCache/com.unity.xr.oculus@1.9.1/Runtime/OculusLoader.cs Line: 234)

Mono: successfully reloaded assembly
- Completed reload, in  1.568 seconds
Platform modules already initialized, skipping
========================================================================
Worker process is ready to serve import requests
Launched and connected shader compiler UnityShaderCompiler.exe after 0.17 seconds
Refreshing native plugins compatible for Editor in 0.85 ms, found 14 plugins.
Preloading 2 native plugins for Editor in 0.17 ms.
Unloading 2486 Unused Serialized files (Serialized files now loaded: 0)
System memory in use before: 143.9 MB.
System memory in use after: 143.8 MB.

Unloading 130 unused Assets to reduce memory usage. Loaded Objects now: 2972.
Total: 3.027200 ms (FindLiveObjects: 0.293200 ms CreateObjectMapping: 0.142300 ms MarkObjects: 2.373300 ms  DeleteObjects: 0.217200 ms)

========================================================================
Received Import Request.
  path: Assets/Materials/MilkyWaySkybox.mat
  artifactKey: Guid(356d10c07dd3f3142a98e7fa3606e1e5) Importer(815301076,1909f56bfc062723c751e8b465ee728b)
Start importing Assets/Materials/MilkyWaySkybox.mat using Guid(356d10c07dd3f3142a98e7fa3606e1e5) Importer(815301076,1909f56bfc062723c751e8b465ee728b)  -> (artifact id: '2e1ed9b00f04b66f069af4bb51d6e575') in 9.768962 seconds
  Import took 10.258653 seconds .

========================================================================
Received Import Request.
  Time since last request: 0.000297 seconds.
  path: Assets/Materials/PlanetSurfaces/Earth.mat
  artifactKey: Guid(53c496dbf62d91840b987b39437e151d) Importer(815301076,1909f56bfc062723c751e8b465ee728b)
Start importing Assets/Materials/PlanetSurfaces/Earth.mat using Guid(53c496dbf62d91840b987b39437e151d) Importer(815301076,1909f56bfc062723c751e8b465ee728b)  -> (artifact id: '005814297ec149c8859066642840582b') in 2.108253 seconds
  Import took 2.206626 seconds .

========================================================================
Received Import Request.
  Time since last request: 57.780242 seconds.
  path: Assets/Textures
  artifactKey: Guid(8b2de09857437a34a89bf93c7b876119) Importer(815301076,1909f56bfc062723c751e8b465ee728b)
Start importing Assets/Textures using Guid(8b2de09857437a34a89bf93c7b876119) Importer(815301076,1909f56bfc062723c751e8b465ee728b)  -> (artifact id: '4965b920bb425323a6983904000789b1') in 0.005476 seconds
  Import took 0.245813 seconds .

========================================================================
Received Import Request.
  Time since last request: 4.499204 seconds.
  path: Assets/Textures/dust.mat
  artifactKey: Guid(681980ad2afe0f84f8cc36a4d3c781d0) Importer(815301076,1909f56bfc062723c751e8b465ee728b)
Start importing Assets/Textures/dust.mat using Guid(681980ad2afe0f84f8cc36a4d3c781d0) Importer(815301076,1909f56bfc062723c751e8b465ee728b)  -> (artifact id: '0f75901a8be313a01f60d2aaaa70fb89') in 0.089322 seconds
  Import took 0.142913 seconds .

========================================================================
Received Import Request.
  Time since last request: 0.000261 seconds.
  path: Assets/Textures/dust.png
  artifactKey: Guid(b6be8e2d314c55946a5609e4e2da1898) Importer(815301076,1909f56bfc062723c751e8b465ee728b)
Start importing Assets/Textures/dust.png using Guid(b6be8e2d314c55946a5609e4e2da1898) Importer(815301076,1909f56bfc062723c751e8b465ee728b)  -> (artifact id: '152f3e4e8a99b13654edfbd48b3d1380') in 0.054998 seconds
  Import took 0.177973 seconds .

========================================================================
Received Import Request.
  Time since last request: 0.000231 seconds.
  path: Assets/Textures/dust.mat
  artifactKey: Guid(681980ad2afe0f84f8cc36a4d3c781d0) Importer(815301076,1909f56bfc062723c751e8b465ee728b)
Start importing Assets/Textures/dust.mat using Guid(681980ad2afe0f84f8cc36a4d3c781d0) Importer(815301076,1909f56bfc062723c751e8b465ee728b)  -> (artifact id: '0f75901a8be313a01f60d2aaaa70fb89') in 0.053485 seconds
  Import took 0.056808 seconds .

========================================================================
Received Import Request.
  Time since last request: 0.000271 seconds.
  path: Assets/Textures/dust.png
  artifactKey: Guid(b6be8e2d314c55946a5609e4e2da1898) Importer(815301076,1909f56bfc062723c751e8b465ee728b)
Start importing Assets/Textures/dust.png using Guid(b6be8e2d314c55946a5609e4e2da1898) Importer(815301076,1909f56bfc062723c751e8b465ee728b)  -> (artifact id: '152f3e4e8a99b13654edfbd48b3d1380') in 0.013428 seconds
  Import took 0.042772 seconds .

========================================================================
Received Import Request.
  Time since last request: 26.523141 seconds.
  path: Assets/Textures/dust.png
  artifactKey: Guid(b6be8e2d314c55946a5609e4e2da1898) Importer(815301076,1909f56bfc062723c751e8b465ee728b)
Start importing Assets/Textures/dust.png using Guid(b6be8e2d314c55946a5609e4e2da1898) Importer(815301076,1909f56bfc062723c751e8b465ee728b)  -> (artifact id: 'c4eb2bf026ab75aa1d3794c74b339b49') in 0.045998 seconds
  Import took 0.262325 seconds .

========================================================================
Received Import Request.
  Time since last request: 12.510910 seconds.
  path: Assets/Textures/dust.png
  artifactKey: Guid(b6be8e2d314c55946a5609e4e2da1898) Importer(815301076,1909f56bfc062723c751e8b465ee728b)
Start importing Assets/Textures/dust.png using Guid(b6be8e2d314c55946a5609e4e2da1898) Importer(815301076,1909f56bfc062723c751e8b465ee728b)  -> (artifact id: '3b764cee21abdae143d3f24fe924f5fc') in 0.020676 seconds
  Import took 0.064005 seconds .

========================================================================
Received Import Request.
  Time since last request: 6.120613 seconds.
  path: Assets/Textures/dust.mat
  artifactKey: Guid(681980ad2afe0f84f8cc36a4d3c781d0) Importer(815301076,1909f56bfc062723c751e8b465ee728b)
Start importing Assets/Textures/dust.mat using Guid(681980ad2afe0f84f8cc36a4d3c781d0) Importer(815301076,1909f56bfc062723c751e8b465ee728b)  -> (artifact id: '9c04a7071c1afce95af252490c7b05ca') in 0.025417 seconds
  Import took 0.220283 seconds .

========================================================================
Received Prepare
Registering precompiled user dll's ...
Registered in 0.008479 seconds.
Begin MonoManager ReloadAssembly
Native extension for WindowsStandalone target not found
Native extension for WebGL target not found
Refreshing native plugins compatible for Editor in 0.77 ms, found 14 plugins.
Preloading 2 native plugins for Editor in 0.16 ms.
Warning: Annotation not found!
UnityEngine.StackTraceUtility:ExtractStackTrace ()
UnityEditor.ProBuilder.EditorUtility:SetGizmoIconEnabled (System.Type,bool) (at C:/NEW_UNITY_PROJECTS_2021/VR/SolVR_XR_URP/Library/PackageCache/com.unity.probuilder@4.5.0/Editor/EditorCore/EditorUtility.cs:593)
UnityEditor.ProBuilder.HierarchyListener:.cctor () (at C:/NEW_UNITY_PROJECTS_2021/VR/SolVR_XR_URP/Library/PackageCache/com.unity.probuilder@4.5.0/Editor/EditorCore/HierarchyListener.cs:21)
System.Runtime.CompilerServices.RuntimeHelpers:RunClassConstructor (System.RuntimeTypeHandle)
UnityEditor.EditorAssemblies:ProcessInitializeOnLoadAttributes (System.Type[])

[C:/NEW_UNITY_PROJECTS_2021/VR/SolVR_XR_URP/Library/PackageCache/com.unity.probuilder@4.5.0/Editor/EditorCore/HierarchyListener.cs line 21]

NullReferenceException: Object reference not set to an instance of an object
  at Unity.XR.Oculus.OculusLoader.AssetPathToAbsolutePath (System.String assetPath) [0x00048] in C:\NEW_UNITY_PROJECTS_2021\VR\SolVR_XR_URP\Library\PackageCache\com.unity.xr.oculus@1.9.1\Runtime\OculusLoader.cs:249 
  at Unity.XR.Oculus.OculusLoader.EditorLoadOVRPlugin () [0x0007b] in C:\NEW_UNITY_PROJECTS_2021\VR\SolVR_XR_URP\Library\PackageCache\com.unity.xr.oculus@1.9.1\Runtime\OculusLoader.cs:234 

(Filename: C:/NEW_UNITY_PROJECTS_2021/VR/SolVR_XR_URP/Library/PackageCache/com.unity.xr.oculus@1.9.1/Runtime/OculusLoader.cs Line: 234)

Mono: successfully reloaded assembly
- Completed reload, in  0.973 seconds
Platform modules already initialized, skipping
Switching build target platform(19) subTarget(0) extendedPlatform(0) -> platform(13) subTarget(537395206) extendedPlatform(0)
Refreshing native plugins compatible for Editor in 0.76 ms, found 14 plugins.
Preloading 2 native plugins for Editor in 0.13 ms.
Unloading 2371 Unused Serialized files (Serialized files now loaded: 0)
System memory in use before: 164.1 MB.
System memory in use after: 164.3 MB.

Unloading 24 unused Assets to reduce memory usage. Loaded Objects now: 3016.
Total: 2.800400 ms (FindLiveObjects: 0.220200 ms CreateObjectMapping: 0.092700 ms MarkObjects: 2.397600 ms  DeleteObjects: 0.089000 ms)

AssetImportParameters requested are different than current active one (requested -> active):
  custom:graphics/normal-map-encoding: 01000000000000000000000000000000 -> 02000000000000000000000000000000
========================================================================
Received Import Request.
  Time since last request: 979.681432 seconds.
  path: Assets/TextMesh Pro/Resources/Fonts & Materials/Labels 1.asset
  artifactKey: Guid(90a9bf1173d7c6b45aa9e97156fe2871) Importer(815301076,1909f56bfc062723c751e8b465ee728b)
Start importing Assets/TextMesh Pro/Resources/Fonts & Materials/Labels 1.asset using Guid(90a9bf1173d7c6b45aa9e97156fe2871) Importer(815301076,1909f56bfc062723c751e8b465ee728b)  -> (artifact id: '5ea55b73c2943d84070b1bbe162101db') in 0.078449 seconds
  Import took 0.121194 seconds .

========================================================================
Received Import Request.
  Time since last request: 0.000257 seconds.
  path: Assets/TextMesh Pro/Resources/Fonts & Materials/Labels.asset
  artifactKey: Guid(2e498d1c8094910479dc3e1b768306a4) Importer(815301076,1909f56bfc062723c751e8b465ee728b)
Start importing Assets/TextMesh Pro/Resources/Fonts & Materials/Labels.asset using Guid(2e498d1c8094910479dc3e1b768306a4) Importer(815301076,1909f56bfc062723c751e8b465ee728b)  -> (artifact id: '22f95cca901fbea9ef67feca29b2669d') in 0.046982 seconds
  Import took 0.111532 seconds .

========================================================================
Received Import Request.
  Time since last request: 0.000255 seconds.
  path: Assets/TextMesh Pro/Resources/Fonts & Materials/Labels 1.asset
  artifactKey: Guid(90a9bf1173d7c6b45aa9e97156fe2871) Importer(815301076,1909f56bfc062723c751e8b465ee728b)
Start importing Assets/TextMesh Pro/Resources/Fonts & Materials/Labels 1.asset using Guid(90a9bf1173d7c6b45aa9e97156fe2871) Importer(815301076,1909f56bfc062723c751e8b465ee728b)  -> (artifact id: '5ea55b73c2943d84070b1bbe162101db') in 0.008820 seconds
  Import took 0.012375 seconds .

========================================================================
Received Import Request.
  Time since last request: 6.068393 seconds.
  path: Assets/TextMesh Pro/Resources/Fonts & Materials/Info.asset
  artifactKey: Guid(90a9bf1173d7c6b45aa9e97156fe2871) Importer(815301076,1909f56bfc062723c751e8b465ee728b)
Start importing Assets/TextMesh Pro/Resources/Fonts & Materials/Info.asset using Guid(90a9bf1173d7c6b45aa9e97156fe2871) Importer(815301076,1909f56bfc062723c751e8b465ee728b)  -> (artifact id: '11f155fa55b2bb9686773cafc87db2c6') in 0.033411 seconds
  Import took 0.067317 seconds .

========================================================================
Received Import Request.
  Time since last request: 6.208336 seconds.
  path: Assets/TextMesh Pro/Resources/Fonts & Materials/Text.asset
  artifactKey: Guid(90a9bf1173d7c6b45aa9e97156fe2871) Importer(815301076,1909f56bfc062723c751e8b465ee728b)
Start importing Assets/TextMesh Pro/Resources/Fonts & Materials/Text.asset using Guid(90a9bf1173d7c6b45aa9e97156fe2871) Importer(815301076,1909f56bfc062723c751e8b465ee728b)  -> (artifact id: 'db960e155c6fa7cb7fd63156a14cbc44') in 0.055622 seconds
  Import took 0.188828 seconds .

